0 info it worked if it ends with ok
1 verbose cli [ '/usr/bin/nodejs', '/usr/bin/npm', 'issues' ]
2 info using npm@3.5.2
3 info using node@v4.2.6
4 silly fetchPackageMetaData .
5 silly fetchDirectoryPackageData .
6 silly bugs url https://www.npmjs.org/package/taternet
7 verbose stack Error: spawn xdg-open ENOENT
7 verbose stack     at exports._errnoException (util.js:870:11)
7 verbose stack     at Process.ChildProcess._handle.onexit (internal/child_process.js:178:32)
7 verbose stack     at onErrorNT (internal/child_process.js:344:16)
7 verbose stack     at nextTickCallbackWith2Args (node.js:441:9)
7 verbose stack     at process._tickCallback (node.js:355:17)
8 verbose cwd /home/david/dev/Taternet
9 error Linux 4.4.0-59-generic
10 error argv "/usr/bin/nodejs" "/usr/bin/npm" "issues"
11 error node v4.2.6
12 error npm  v3.5.2
13 error path xdg-open
14 error code ENOENT
15 error errno ENOENT
16 error syscall spawn xdg-open
17 error enoent spawn xdg-open ENOENT
18 error enoent spawn xdg-open ENOENT
18 error enoent This is most likely not a problem with npm itself
18 error enoent and is related to npm not being able to find a file.
19 verbose exit [ 1, true ]
